[1208/121745.730:ERROR:directory_reader_win.cc(43)] FindFirstFile: The system cannot find the path specified. (0x3)
[1208/150140.126:ERROR:directory_reader_win.cc(43)] FindFirstFile: The system cannot find the path specified. (0x3)
[1219/011408.476:ERROR:directory_reader_win.cc(43)] FindFirstFile: The system cannot find the path specified. (0x3)
[1220/015111.972:ERROR:process_reader_win.cc(123)] NtOpenThread: {Access Denied} A process has requested access to an object, but has not been granted those access rights. (0xc0000022)
[1220/015112.117:ERROR:process_reader_win.cc(151)] SuspendThread: Access is denied. (0x5)
[1220/015112.280:ERROR:exception_snapshot_win.cc(99)] thread ID 16148 not found in process
[1220/015112.280:ERROR:process_reader_win.cc(151)] SuspendThread: Access is denied. (0x5)
[1220/015112.378:ERROR:process_reader_win.cc(151)] SuspendThread: Access is denied. (0x5)
[1220/015112.382:ERROR:process_reader_win.cc(151)] SuspendThread: Access is denied. (0x5)
[1220/015112.800:ERROR:process_reader_win.cc(151)] SuspendThread: Access is denied. (0x5)
[1220/015112.955:ERROR:process_reader_win.cc(151)] SuspendThread: Access is denied. (0x5)
[1220/015112.955:ERROR:process_reader_win.cc(151)] SuspendThread: Access is denied. (0x5)
[1220/015112.955:ERROR:process_reader_win.cc(151)] SuspendThread: Access is denied. (0x5)
[1220/015112.955:ERROR:process_reader_win.cc(151)] SuspendThread: Access is denied. (0x5)
[1220/015112.955:ERROR:process_reader_win.cc(151)] SuspendThread: Access is denied. (0x5)
[1220/015112.955:ERROR:process_reader_win.cc(151)] SuspendThread: Access is denied. (0x5)
[1220/015112.955:ERROR:process_reader_win.cc(151)] SuspendThread: Access is denied. (0x5)
[1220/015112.955:ERROR:process_reader_win.cc(151)] SuspendThread: Access is denied. (0x5)
[1220/015112.955:ERROR:process_reader_win.cc(151)] SuspendThread: Access is denied. (0x5)
[1220/015112.955:ERROR:process_reader_win.cc(151)] SuspendThread: Access is denied. (0x5)
[1220/015112.955:ERROR:process_reader_win.cc(151)] SuspendThread: Access is denied. (0x5)
[1220/015112.955:ERROR:process_reader_win.cc(151)] SuspendThread: Access is denied. (0x5)
[1220/015112.955:ERROR:process_reader_win.cc(151)] SuspendThread: Access is denied. (0x5)
[1220/015112.955:ERROR:process_reader_win.cc(151)] SuspendThread: Access is denied. (0x5)
[1220/015112.955:ERROR:process_reader_win.cc(151)] SuspendThread: Access is denied. (0x5)
[1220/015112.955:ERROR:process_reader_win.cc(151)] SuspendThread: Access is denied. (0x5)
[1220/015112.955:ERROR:process_reader_win.cc(151)] SuspendThread: Access is denied. (0x5)
[1220/015112.955:ERROR:process_reader_win.cc(151)] SuspendThread: Access is denied. (0x5)
[1220/015112.955:ERROR:process_reader_win.cc(151)] SuspendThread: Access is denied. (0x5)
[1220/015112.955:ERROR:process_reader_win.cc(151)] SuspendThread: Access is denied. (0x5)
[1220/015112.955:ERROR:process_reader_win.cc(151)] SuspendThread: Access is denied. (0x5)
[1220/015112.955:ERROR:process_reader_win.cc(151)] SuspendThread: Access is denied. (0x5)
[1220/015112.955:ERROR:process_reader_win.cc(151)] SuspendThread: Access is denied. (0x5)
[1220/015112.955:ERROR:process_reader_win.cc(151)] SuspendThread: Access is denied. (0x5)
[1220/015112.955:ERROR:process_reader_win.cc(151)] SuspendThread: Access is denied. (0x5)
[1220/015112.955:ERROR:process_reader_win.cc(151)] SuspendThread: Access is denied. (0x5)
[1220/015112.955:ERROR:process_reader_win.cc(151)] SuspendThread: Access is denied. (0x5)
[1220/015112.955:ERROR:process_reader_win.cc(151)] SuspendThread: Access is denied. (0x5)
[1220/015112.955:ERROR:process_reader_win.cc(151)] SuspendThread: Access is denied. (0x5)
[1220/015112.955:ERROR:process_reader_win.cc(151)] SuspendThread: Access is denied. (0x5)
[1220/015112.955:ERROR:process_reader_win.cc(123)] NtOpenThread: {Access Denied} A process has requested access to an object, but has not been granted those access rights. (0xc0000022)
[1220/015112.955:ERROR:process_reader_win.cc(151)] SuspendThread: Access is denied. (0x5)
[1220/015112.955:ERROR:process_reader_win.cc(123)] NtOpenThread: {Access Denied} A process has requested access to an object, but has not been granted those access rights. (0xc0000022)
[1220/015112.955:ERROR:process_reader_win.cc(123)] NtOpenThread: {Access Denied} A process has requested access to an object, but has not been granted those access rights. (0xc0000022)
[1220/015112.955:ERROR:process_reader_win.cc(123)] NtOpenThread: {Access Denied} A process has requested access to an object, but has not been granted those access rights. (0xc0000022)
[1220/015112.955:ERROR:exception_snapshot_win.cc(99)] thread ID 17396 not found in process
[1220/015112.955:ERROR:exception_snapshot_win.cc(99)] thread ID 26756 not found in process
[1220/015112.956:ERROR:exception_snapshot_win.cc(99)] thread ID 22668 not found in process
[1220/015112.956:ERROR:exception_snapshot_win.cc(99)] thread ID 20292 not found in process
[1220/015112.984:ERROR:process_reader_win.cc(151)] SuspendThread: Access is denied. (0x5)
[1220/015112.984:ERROR:process_reader_win.cc(151)] SuspendThread: Access is denied. (0x5)
[1220/015112.984:ERROR:process_reader_win.cc(151)] SuspendThread: Access is denied. (0x5)
[1220/015112.984:ERROR:process_reader_win.cc(151)] SuspendThread: Access is denied. (0x5)
[1220/015112.984:ERROR:process_reader_win.cc(151)] SuspendThread: Access is denied. (0x5)
[1220/015112.985:ERROR:process_reader_win.cc(151)] SuspendThread: Access is denied. (0x5)
[1220/015112.985:ERROR:process_reader_win.cc(151)] SuspendThread: Access is denied. (0x5)
[1220/015112.985:ERROR:process_reader_win.cc(151)] SuspendThread: Access is denied. (0x5)
[1220/015112.985:ERROR:process_reader_win.cc(151)] SuspendThread: Access is denied. (0x5)
[1220/015112.985:ERROR:process_reader_win.cc(123)] NtOpenThread: {Access Denied} A process has requested access to an object, but has not been granted those access rights. (0xc0000022)
[1220/015112.985:ERROR:exception_snapshot_win.cc(99)] thread ID 24680 not found in process
[1220/015113.065:ERROR:process_reader_win.cc(151)] SuspendThread: Access is denied. (0x5)
[1220/015113.065:ERROR:process_reader_win.cc(151)] SuspendThread: Access is denied. (0x5)
[1220/015113.065:ERROR:process_reader_win.cc(151)] SuspendThread: Access is denied. (0x5)
[1220/015113.065:ERROR:process_reader_win.cc(151)] SuspendThread: Access is denied. (0x5)
[1220/015113.065:ERROR:process_reader_win.cc(151)] SuspendThread: Access is denied. (0x5)
[1220/015113.065:ERROR:process_reader_win.cc(151)] SuspendThread: Access is denied. (0x5)
[1220/015113.065:ERROR:process_reader_win.cc(151)] SuspendThread: Access is denied. (0x5)
[1220/015113.065:ERROR:process_reader_win.cc(151)] SuspendThread: Access is denied. (0x5)
[1220/015113.065:ERROR:process_reader_win.cc(151)] SuspendThread: Access is denied. (0x5)
[1220/015113.065:ERROR:process_reader_win.cc(123)] NtOpenThread: {Access Denied} A process has requested access to an object, but has not been granted those access rights. (0xc0000022)
[1220/015113.065:ERROR:exception_snapshot_win.cc(99)] thread ID 25172 not found in process
[1220/015113.195:ERROR:process_reader_win.cc(151)] SuspendThread: Access is denied. (0x5)
[1220/015113.195:ERROR:process_reader_win.cc(151)] SuspendThread: Access is denied. (0x5)
[1220/015113.195:ERROR:process_reader_win.cc(151)] SuspendThread: Access is denied. (0x5)
[1220/015113.195:ERROR:process_reader_win.cc(151)] SuspendThread: Access is denied. (0x5)
[1220/015113.195:ERROR:process_reader_win.cc(151)] SuspendThread: Access is denied. (0x5)
[1220/015113.195:ERROR:process_reader_win.cc(151)] SuspendThread: Access is denied. (0x5)
[1220/015113.195:ERROR:process_reader_win.cc(151)] SuspendThread: Access is denied. (0x5)
[1220/015113.195:ERROR:process_reader_win.cc(151)] SuspendThread: Access is denied. (0x5)
[1220/015113.196:ERROR:process_reader_win.cc(151)] SuspendThread: Access is denied. (0x5)
[1220/015113.196:ERROR:process_reader_win.cc(123)] NtOpenThread: {Access Denied} A process has requested access to an object, but has not been granted those access rights. (0xc0000022)
[1220/015113.196:ERROR:exception_snapshot_win.cc(99)] thread ID 26876 not found in process
[1220/015113.197:ERROR:process_reader_win.cc(151)] SuspendThread: Access is denied. (0x5)
[1220/015113.300:ERROR:process_reader_win.cc(151)] SuspendThread: Access is denied. (0x5)
[1220/015113.617:ERROR:process_reader_win.cc(151)] SuspendThread: Access is denied. (0x5)
[1220/015113.307:ERROR:process_reader_win.cc(123)] NtOpenThread: {Access Denied} A process has requested access to an object, but has not been granted those access rights. (0xc0000022)
[1220/015113.618:ERROR:process_reader_win.cc(151)] SuspendThread: Access is denied. (0x5)
[1220/015113.618:ERROR:process_reader_win.cc(151)] SuspendThread: Access is denied. (0x5)
[1220/015113.308:ERROR:process_reader_win.cc(151)] SuspendThread: Access is denied. (0x5)
[1220/015113.618:ERROR:process_reader_win.cc(151)] SuspendThread: Access is denied. (0x5)
[1220/015113.618:ERROR:exception_snapshot_win.cc(99)] thread ID 8736 not found in process
[1220/015113.618:ERROR:process_reader_win.cc(151)] SuspendThread: Access is denied. (0x5)
[1220/015113.618:ERROR:process_reader_win.cc(151)] SuspendThread: Access is denied. (0x5)
[1220/015113.618:ERROR:process_reader_win.cc(151)] SuspendThread: Access is denied. (0x5)
[1220/015113.618:ERROR:process_reader_win.cc(151)] SuspendThread: Access is denied. (0x5)
[1220/015113.618:ERROR:process_reader_win.cc(151)] SuspendThread: Access is denied. (0x5)
[1220/015113.618:ERROR:process_reader_win.cc(151)] SuspendThread: Access is denied. (0x5)
[1220/015113.618:ERROR:process_reader_win.cc(151)] SuspendThread: Access is denied. (0x5)
[1220/015113.325:ERROR:process_reader_win.cc(151)] SuspendThread: Access is denied. (0x5)
[1220/015113.618:ERROR:process_reader_win.cc(151)] SuspendThread: Access is denied. (0x5)
[1220/015113.333:ERROR:process_reader_win.cc(151)] SuspendThread: Access is denied. (0x5)
[1220/015113.618:ERROR:process_reader_win.cc(123)] NtOpenThread: {Access Denied} A process has requested access to an object, but has not been granted those access rights. (0xc0000022)
[1220/015113.618:ERROR:process_reader_win.cc(123)] NtOpenThread: {Access Denied} A process has requested access to an object, but has not been granted those access rights. (0xc0000022)
[1220/015113.618:ERROR:process_reader_win.cc(151)] SuspendThread: Access is denied. (0x5)
[1220/015113.335:ERROR:process_reader_win.cc(123)] NtOpenThread: {Access Denied} A process has requested access to an object, but has not been granted those access rights. (0xc0000022)
[1220/015113.336:ERROR:process_reader_win.cc(151)] SuspendThread: Access is denied. (0x5)
[1220/015113.618:ERROR:process_reader_win.cc(151)] SuspendThread: Access is denied. (0x5)
[1220/015113.618:ERROR:exception_snapshot_win.cc(99)] thread ID 25692 not found in process
[1220/015113.618:ERROR:process_reader_win.cc(151)] SuspendThread: Access is denied. (0x5)
[1220/015113.618:ERROR:exception_snapshot_win.cc(99)] thread ID 22812 not found in process
[1220/015113.353:ERROR:process_reader_win.cc(151)] SuspendThread: Access is denied. (0x5)
[1220/015113.360:ERROR:process_reader_win.cc(123)] NtOpenThread: {Access Denied} A process has requested access to an object, but has not been granted those access rights. (0xc0000022)
[1220/015113.617:ERROR:process_reader_win.cc(151)] SuspendThread: Access is denied. (0x5)
[1220/015113.618:ERROR:process_reader_win.cc(151)] SuspendThread: Access is denied. (0x5)
[1220/015113.618:ERROR:process_reader_win.cc(151)] SuspendThread: Access is denied. (0x5)
[1220/015113.618:ERROR:process_reader_win.cc(151)] SuspendThread: Access is denied. (0x5)
[1220/015113.618:ERROR:exception_snapshot_win.cc(99)] thread ID 26492 not found in process
[1220/015113.619:ERROR:exception_snapshot_win.cc(99)] thread ID 23232 not found in process
[1220/015113.618:ERROR:process_reader_win.cc(151)] SuspendThread: Access is denied. (0x5)
[1220/015113.619:ERROR:process_reader_win.cc(151)] SuspendThread: Access is denied. (0x5)
[1220/015113.619:ERROR:process_reader_win.cc(151)] SuspendThread: Access is denied. (0x5)
[1220/015113.619:ERROR:process_reader_win.cc(151)] SuspendThread: Access is denied. (0x5)
[1220/015113.618:ERROR:process_reader_win.cc(151)] SuspendThread: Access is denied. (0x5)
[1220/015113.619:ERROR:process_reader_win.cc(151)] SuspendThread: Access is denied. (0x5)
[1220/015113.618:ERROR:process_reader_win.cc(151)] SuspendThread: Access is denied. (0x5)
[1220/015113.619:ERROR:process_reader_win.cc(151)] SuspendThread: Access is denied. (0x5)
[1220/015113.619:ERROR:exception_snapshot_win.cc(99)] thread ID 27220 not found in process
[1220/015113.619:ERROR:process_reader_win.cc(151)] SuspendThread: Access is denied. (0x5)
[1220/015113.619:ERROR:process_reader_win.cc(151)] SuspendThread: Access is denied. (0x5)
[1220/015113.619:ERROR:process_reader_win.cc(151)] SuspendThread: Access is denied. (0x5)
[1220/015113.619:ERROR:process_reader_win.cc(151)] SuspendThread: Access is denied. (0x5)
[1220/015113.619:ERROR:process_reader_win.cc(151)] SuspendThread: Access is denied. (0x5)
[1220/015113.619:ERROR:process_reader_win.cc(123)] NtOpenThread: {Access Denied} A process has requested access to an object, but has not been granted those access rights. (0xc0000022)
[1220/015113.619:ERROR:process_reader_win.cc(151)] SuspendThread: Access is denied. (0x5)
[1220/015113.619:ERROR:process_reader_win.cc(151)] SuspendThread: Access is denied. (0x5)
[1220/015113.619:ERROR:process_reader_win.cc(151)] SuspendThread: Access is denied. (0x5)
[1220/015113.619:ERROR:process_reader_win.cc(151)] SuspendThread: Access is denied. (0x5)
[1220/015113.619:ERROR:process_reader_win.cc(151)] SuspendThread: Access is denied. (0x5)
[1220/015113.619:ERROR:process_reader_win.cc(151)] SuspendThread: Access is denied. (0x5)
[1220/015113.619:ERROR:exception_snapshot_win.cc(99)] thread ID 23236 not found in process
[1220/015113.619:ERROR:process_reader_win.cc(151)] SuspendThread: Access is denied. (0x5)
[1220/015113.619:ERROR:process_reader_win.cc(151)] SuspendThread: Access is denied. (0x5)
[1220/015113.619:ERROR:process_reader_win.cc(151)] SuspendThread: Access is denied. (0x5)
[1220/015113.619:ERROR:process_reader_win.cc(151)] SuspendThread: Access is denied. (0x5)
[1220/015113.619:ERROR:process_reader_win.cc(151)] SuspendThread: Access is denied. (0x5)
[1220/015113.619:ERROR:process_reader_win.cc(151)] SuspendThread: Access is denied. (0x5)
[1220/015113.619:ERROR:process_reader_win.cc(123)] NtOpenThread: {Access Denied} A process has requested access to an object, but has not been granted those access rights. (0xc0000022)
[1220/015113.619:ERROR:process_reader_win.cc(151)] SuspendThread: Access is denied. (0x5)
[1220/015113.619:ERROR:process_reader_win.cc(151)] SuspendThread: Access is denied. (0x5)
[1220/015113.619:ERROR:process_reader_win.cc(123)] NtOpenThread: {Access Denied} A process has requested access to an object, but has not been granted those access rights. (0xc0000022)
[1220/015113.619:ERROR:process_reader_win.cc(123)] NtOpenThread: {Access Denied} A process has requested access to an object, but has not been granted those access rights. (0xc0000022)
[1220/015113.619:ERROR:exception_snapshot_win.cc(99)] thread ID 20416 not found in process
[1220/015113.619:ERROR:exception_snapshot_win.cc(99)] thread ID 26288 not found in process
[1220/015113.620:ERROR:exception_snapshot_win.cc(99)] thread ID 17816 not found in process
[1220/015113.959:ERROR:process_reader_win.cc(123)] NtOpenThread: {Access Denied} A process has requested access to an object, but has not been granted those access rights. (0xc0000022)
[1220/015113.959:ERROR:exception_snapshot_win.cc(99)] thread ID 12836 not found in process
[1220/015114.564:ERROR:process_reader_win.cc(151)] SuspendThread: Access is denied. (0x5)
[1220/015114.564:ERROR:exception_snapshot_win.cc(99)] thread ID 22456 not found in process
[1220/015114.930:ERROR:process_reader_win.cc(151)] SuspendThread: Access is denied. (0x5)
[1220/015114.941:ERROR:exception_snapshot_win.cc(99)] thread ID 1436 not found in process
[1220/015115.082:ERROR:process_reader_win.cc(151)] SuspendThread: Access is denied. (0x5)
[1220/015115.082:ERROR:exception_snapshot_win.cc(99)] thread ID 20672 not found in process
[1220/015115.094:ERROR:process_reader_win.cc(123)] NtOpenThread: {Access Denied} A process has requested access to an object, but has not been granted those access rights. (0xc0000022)
[1220/015115.887:ERROR:exception_snapshot_win.cc(99)] thread ID 1620 not found in process
[1220/015115.887:ERROR:scoped_process_suspend.cc(40)] NtResumeProcess: An attempt was made to access an exiting process. (0xc000010a)
[1220/015115.887:ERROR:scoped_process_suspend.cc(40)] NtResumeProcess: An attempt was made to access an exiting process. (0xc000010a)
[1220/015117.389:ERROR:process_reader_win.cc(123)] NtOpenThread: {Access Denied} A process has requested access to an object, but has not been granted those access rights. (0xc0000022)
[1220/015117.394:ERROR:exception_snapshot_win.cc(99)] thread ID 23292 not found in process
[1220/015117.652:ERROR:process_reader_win.cc(123)] NtOpenThread: {Access Denied} A process has requested access to an object, but has not been granted those access rights. (0xc0000022)
[1220/015117.655:ERROR:exception_snapshot_win.cc(99)] thread ID 24008 not found in process
[1220/015118.188:ERROR:process_reader_win.cc(123)] NtOpenThread: {Access Denied} A process has requested access to an object, but has not been granted those access rights. (0xc0000022)
[1220/015118.188:ERROR:exception_snapshot_win.cc(99)] thread ID 12856 not found in process
[1228/044108.941:ERROR:directory_reader_win.cc(43)] FindFirstFile: The system cannot find the path specified. (0x3)
[1231/024803.820:ERROR:directory_reader_win.cc(43)] FindFirstFile: The system cannot find the path specified. (0x3)
[1231/232341.405:ERROR:process_info.cc(329)] VirtualQueryEx: Access is denied. (0x5)
[1231/232341.388:ERROR:process_info.cc(98)] ReadProcessMemory UNICODE_STRING: Only part of a ReadProcessMemory or WriteProcessMemory request was completed. (0x12B)
[1231/232341.637:ERROR:process_info.cc(556)] ReadMemoryInfo failed
[1231/232341.637:ERROR:process_memory_win.cc(39)] Failed to initialize ProcessInfo.
[1231/232341.637:ERROR:process_info.cc(118)] ReadProcessMemory bool __cdecl crashpad::(anonymous namespace)::ReadStruct(HANDLE, crashpad::WinVMAddress, T *) [T = crashpad::process_types::LDR_DATA_TABLE_ENTRY<crashpad::process_types::internal::Traits64>]: Only part of a ReadProcessMemory or WriteProcessMemory request was completed. (0x12B)
[1231/232341.637:ERROR:process_info.cc(329)] VirtualQueryEx: Access is denied. (0x5)
[1231/232341.637:ERROR:process_info.cc(556)] ReadMemoryInfo failed
[1231/232341.407:ERROR:process_reader_win.cc(123)] NtOpenThread: {Access Denied} A process has requested access to an object, but has not been granted those access rights. (0xc0000022)
[1231/232342.751:ERROR:exception_snapshot_win.cc(99)] thread ID 3536 not found in process
[1231/232341.402:ERROR:process_reader_win.cc(123)] NtOpenThread: {Access Denied} A process has requested access to an object, but has not been granted those access rights. (0xc0000022)
[1231/232342.787:ERROR:exception_snapshot_win.cc(99)] thread ID 22584 not found in process
[1231/232341.332:ERROR:process_reader_win.cc(123)] NtOpenThread: {Access Denied} A process has requested access to an object, but has not been granted those access rights. (0xc0000022)
[1231/232342.787:ERROR:exception_snapshot_win.cc(99)] thread ID 17912 not found in process
[1231/232341.637:ERROR:scoped_process_suspend.cc(40)] NtResumeProcess: An attempt was made to access an exiting process. (0xc000010a)
[1231/232341.637:ERROR:scoped_process_suspend.cc(40)] NtResumeProcess: An attempt was made to access an exiting process. (0xc000010a)
